<?xml version="1.0" encoding="UTF-8"?>
<testng-results skipped="0" failed="0" total="1" passed="1">
  <reporter-output>
  </reporter-output>
  <suite name="Suite" duration-ms="53884" started-at="2019-11-15T17:06:45Z" finished-at="2019-11-15T17:07:39Z">
    <groups>
      <group name="cucumber">
        <method signature="AbstractTestNGCucumberTests.feature(cucumber.api.testng.CucumberFeatureWrapper)[pri:0, instance:runner.RunCuke@5e3a8624]" name="feature" class="cucumber.api.testng.AbstractTestNGCucumberTests"/>
      </group> <!-- cucumber -->
    </groups>
    <test name="Test" duration-ms="53884" started-at="2019-11-15T17:06:45Z" finished-at="2019-11-15T17:07:39Z">
      <class name="runner.RunCuke">
        <test-method status="PASS" signature="setUpClass()[pri:0, instance:runner.RunCuke@5e3a8624]" name="setUpClass" is-config="true" duration-ms="316" started-at="2019-11-16T00:06:45Z" finished-at="2019-11-16T00:06:45Z">
          <reporter-output>
          </reporter-output>
        </test-method> <!-- setUpClass -->
        <test-method status="PASS" signature="setup()[pri:0, instance:runner.RunCuke@5e3a8624]" name="setup" is-config="true" duration-ms="139" started-at="2019-11-16T00:06:45Z" finished-at="2019-11-16T00:06:45Z">
          <reporter-output>
          </reporter-output>
        </test-method> <!-- setup -->
        <test-method status="PASS" signature="feature(cucumber.api.testng.CucumberFeatureWrapper)[pri:0, instance:runner.RunCuke@5e3a8624]" name="feature" duration-ms="53148" started-at="2019-11-16T00:06:45Z" description="Runs Cucumber Feature" data-provider="features" finished-at="2019-11-16T00:07:39Z">
          <params>
            <param index="0">
              <value>
                <![CDATA[Testing to validate search option in the home page]]>
              </value>
            </param>
          </params>
          <reporter-output>
          </reporter-output>
        </test-method> <!-- feature -->
        <test-method status="PASS" signature="tearDownClass()[pri:0, instance:runner.RunCuke@5e3a8624]" name="tearDownClass" is-config="true" duration-ms="184" started-at="2019-11-16T00:07:39Z" finished-at="2019-11-16T00:07:39Z">
          <reporter-output>
          </reporter-output>
        </test-method> <!-- tearDownClass -->
      </class> <!-- runner.RunCuke -->
    </test> <!-- Test -->
  </suite> <!-- Suite -->
</testng-results>
